<?xml version="1.0" encoding="UTF-8"?>
<!-- Generated by org.testng.reporters.JUnitReportReporter -->
<testsuite hostname="LAPTOP-OGJVBVRE" failures="0" tests="1" name="poibasices.working_with_EXelfile" time="0.655" errors="0" timestamp="2025-04-22T17:52:59 IST" skipped="0">
  <testcase classname="poibasices.working_with_EXelfile" name="demo" time="0.655"/>
  <system-out/>
</testsuite> <!-- poibasices.working_with_EXelfile -->
