<?xml version="1.0" encoding="UTF-8"?>
<!-- Generated by org.testng.reporters.JUnitReportReporter -->
<testsuite hostname="LAPTOP-OGJVBVRE" failures="0" tests="1" name="poibasices.Working_with_PropertyFile" time="0.007" errors="0" timestamp="2025-04-18T18:22:37 IST" skipped="0">
  <testcase classname="poibasices.Working_with_PropertyFile" name="demo" time="0.007"/>
  <system-out/>
</testsuite> <!-- poibasices.Working_with_PropertyFile -->
